0 info it worked if it ends with ok
1 verbose cli [ '/usr/local/bin/node',
1 verbose cli   '/usr/local/bin/npm',
1 verbose cli   'install',
1 verbose cli   '-g',
1 verbose cli   'vue-cli' ]
2 info using npm@2.14.12
3 info using node@v4.2.6
4 verbose install initial load of /usr/local/lib/package.json
5 verbose readDependencies loading dependencies from /usr/local/lib/package.json
6 silly cache add args [ 'vue-cli', null ]
7 verbose cache add spec vue-cli
8 silly cache add parsed spec Result {
8 silly cache add   raw: 'vue-cli',
8 silly cache add   scope: null,
8 silly cache add   name: 'vue-cli',
8 silly cache add   rawSpec: '',
8 silly cache add   spec: 'latest',
8 silly cache add   type: 'tag' }
9 silly addNamed vue-cli@latest
10 verbose addNamed "latest" is being treated as a dist-tag for vue-cli
11 info addNameTag [ 'vue-cli', 'latest' ]
12 silly mapToRegistry name vue-cli
13 silly mapToRegistry using default registry
14 silly mapToRegistry registry https://registry.npmjs.org/
15 silly mapToRegistry uri https://registry.npmjs.org/vue-cli
16 verbose addNameTag registry:https://registry.npmjs.org/vue-cli not in flight; fetching
17 verbose request uri https://registry.npmjs.org/vue-cli
18 verbose request no auth needed
19 info attempt registry request try #1 at 10:45:06
20 verbose request id 41142170ec02f217
21 verbose etag "C1DD70YB4JRODBQLBPQED83RQ"
22 http request GET https://registry.npmjs.org/vue-cli
23 http 304 https://registry.npmjs.org/vue-cli
24 verbose headers { date: 'Fri, 22 Jul 2016 02:45:11 GMT',
24 verbose headers   via: '1.1 varnish',
24 verbose headers   'cache-control': 'max-age=300',
24 verbose headers   etag: '"C1DD70YB4JRODBQLBPQED83RQ"',
24 verbose headers   age: '132',
24 verbose headers   connection: 'keep-alive',
24 verbose headers   'x-served-by': 'cache-itm7424-ITM',
24 verbose headers   'x-cache': 'HIT',
24 verbose headers   'x-cache-hits': '1',
24 verbose headers   'x-timer': 'S1469155511.386453,VS0,VE0',
24 verbose headers   vary: 'Accept-Encoding' }
25 silly get cb [ 304,
25 silly get   { date: 'Fri, 22 Jul 2016 02:45:11 GMT',
25 silly get     via: '1.1 varnish',
25 silly get     'cache-control': 'max-age=300',
25 silly get     etag: '"C1DD70YB4JRODBQLBPQED83RQ"',
25 silly get     age: '132',
25 silly get     connection: 'keep-alive',
25 silly get     'x-served-by': 'cache-itm7424-ITM',
25 silly get     'x-cache': 'HIT',
25 silly get     'x-cache-hits': '1',
25 silly get     'x-timer': 'S1469155511.386453,VS0,VE0',
25 silly get     vary: 'Accept-Encoding' } ]
26 verbose etag https://registry.npmjs.org/vue-cli from cache
27 verbose get saving vue-cli to /Users/mayako/.npm/registry.npmjs.org/vue-cli/.cache.json
28 silly addNameTag next cb for vue-cli with tag latest
29 silly addNamed vue-cli@2.1.0
30 verbose addNamed "2.1.0" is a plain semver version for vue-cli
31 silly cache afterAdd vue-cli@2.1.0
32 verbose afterAdd /Users/mayako/.npm/vue-cli/2.1.0/package/package.json not in flight; writing
33 verbose afterAdd /Users/mayako/.npm/vue-cli/2.1.0/package/package.json written
34 silly install resolved [ { name: 'vue-cli',
34 silly install resolved     version: '2.1.0',
34 silly install resolved     description: 'A simple CLI for scaffolding Vue.js projects.',
34 silly install resolved     preferGlobal: true,
34 silly install resolved     bin: { vue: 'bin/vue' },
34 silly install resolved     repository: { type: 'git', url: 'git+https://github.com/vuejs/vue-cli.git' },
34 silly install resolved     keywords: [ 'vue', 'cli', 'spa' ],
34 silly install resolved     author: { name: 'Evan You' },
34 silly install resolved     license: 'MIT',
34 silly install resolved     bugs: { url: 'https://github.com/vuejs/vue-cli/issues' },
34 silly install resolved     homepage: 'https://github.com/vuejs/vue-cli#readme',
34 silly install resolved     main: 'lib/index.js',
34 silly install resolved     scripts:
34 silly install resolved      { test: 'npm run lint && npm run e2e',
34 silly install resolved        lint: 'eslint test/test.js lib bin/* --env mocha',
34 silly install resolved        e2e: 'rimraf test/e2e/mock-template-build/*.* && cross-env BABEL_ENV=development mocha test/e2e/test.js --slow 1000 --compilers js:babel-core/register' },
34 silly install resolved     dependencies:
34 silly install resolved      { async: '^2.0.0-rc.2',
34 silly install resolved        chalk: '^1.1.1',
34 silly install resolved        commander: '^2.9.0',
34 silly install resolved        consolidate: '^0.14.0',
34 silly install resolved        'download-git-repo': '^0.1.1',
34 silly install resolved        handlebars: '^4.0.5',
34 silly install resolved        inquirer: '^0.12.0',
34 silly install resolved        metalsmith: '^2.1.0',
34 silly install resolved        minimatch: '^3.0.0',
34 silly install resolved        ora: '^0.2.1',
34 silly install resolved        'read-metadata': '^1.0.0',
34 silly install resolved        request: '^2.67.0',
34 silly install resolved        rimraf: '^2.5.0',
34 silly install resolved        semver: '^5.1.0',
34 silly install resolved        uid: '0.0.2',
34 silly install resolved        'validate-npm-package-name': '^2.2.2' },
34 silly install resolved     devDependencies:
34 silly install resolved      { 'babel-core': '^6.7.4',
34 silly install resolved        'babel-preset-es2015': '^6.6.0',
34 silly install resolved        'babel-preset-stage-2': '^6.5.0',
34 silly install resolved        chai: '^3.5.0',
34 silly install resolved        'cross-env': '^1.0.7',
34 silly install resolved        eslint: '^2.7.0',
34 silly install resolved        'eslint-config-standard': '^5.1.0',
34 silly install resolved        'eslint-plugin-promise': '^1.1.0',
34 silly install resolved        'eslint-plugin-standard': '^1.3.2',
34 silly install resolved        mocha: '^2.4.5' },
34 silly install resolved     engines: { node: '>=4.0.0' },
34 silly install resolved     gitHead: '57b2d08a92e6076a1345b2e251be8a0b9b02834c',
34 silly install resolved     _id: 'vue-cli@2.1.0',
34 silly install resolved     _shasum: '6bbf0322c11ec80d16203c7a962a7eab69d81128',
34 silly install resolved     _from: 'vue-cli@latest',
34 silly install resolved     _npmVersion: '3.8.6',
34 silly install resolved     _nodeVersion: '6.0.0',
34 silly install resolved     _npmUser: { name: 'yyx990803', email: 'yyx990803@gmail.com' },
34 silly install resolved     maintainers: [ [Object] ],
34 silly install resolved     dist:
34 silly install resolved      { shasum: '6bbf0322c11ec80d16203c7a962a7eab69d81128',
34 silly install resolved        tarball: 'https://registry.npmjs.org/vue-cli/-/vue-cli-2.1.0.tgz' },
34 silly install resolved     _npmOperationalInternal:
34 silly install resolved      { host: 'packages-16-east.internal.npmjs.com',
34 silly install resolved        tmp: 'tmp/vue-cli-2.1.0.tgz_1462810289555_0.5358803805429488' },
34 silly install resolved     directories: {},
34 silly install resolved     _resolved: 'https://registry.npmjs.org/vue-cli/-/vue-cli-2.1.0.tgz',
34 silly install resolved     readme: 'ERROR: No README data found!' } ]
35 info install vue-cli@2.1.0 into /usr/local/lib
36 info installOne vue-cli@2.1.0
37 verbose installOne of vue-cli to /usr/local/lib not in flight; installing
38 verbose lock using /Users/mayako/.npm/_locks/vue-cli-baa7602660f62cb8.lock for /usr/local/lib/node_modules/vue-cli
39 silly install write writing vue-cli 2.1.0 to /usr/local/lib/node_modules/vue-cli
40 verbose unbuild lib/node_modules/vue-cli
41 info preuninstall vue-cli@1.4.0
42 info uninstall vue-cli@1.4.0
43 verbose unbuild rmStuff vue-cli@1.4.0 from /usr/local/lib/node_modules
44 silly gentlyRm /usr/local/bin/vue is being gently removed
45 silly gentlyRm verifying /usr/local is an npm working directory
46 silly gentlyRm containing path /usr/local is under npm's control, in /usr/local
47 silly gentlyRm deletion target /usr/local/bin/vue is under /usr/local
48 verbose gentlyRm vacuuming from /usr/local/bin/vue up to /usr/local
49 info postuninstall vue-cli@1.4.0
50 silly gentlyRm /usr/local/lib/node_modules/vue-cli is being purged from base /usr/local
51 verbose gentlyRm don't care about contents; nuking /usr/local/lib/node_modules/vue-cli
52 silly vacuum-fs purging /usr/local/lib/node_modules/vue-cli
53 verbose unlock done using /Users/mayako/.npm/_locks/vue-cli-baa7602660f62cb8.lock for /usr/local/lib/node_modules/vue-cli
54 verbose stack Error: EACCES: permission denied, rmdir '/usr/local/lib/node_modules/vue-cli'
54 verbose stack     at Error (native)
55 verbose cwd /Users/mayako/Documents/NODE/mayako-cli
56 error Darwin 15.3.0
57 error argv "/usr/local/bin/node" "/usr/local/bin/npm" "install" "-g" "vue-cli"
58 error node v4.2.6
59 error npm  v2.14.12
60 error path /usr/local/lib/node_modules/vue-cli
61 error code EACCES
62 error errno -13
63 error syscall rmdir
64 error Error: EACCES: permission denied, rmdir '/usr/local/lib/node_modules/vue-cli'
64 error     at Error (native)
64 error  { [Error: EACCES: permission denied, rmdir '/usr/local/lib/node_modules/vue-cli']
64 error   errno: -13,
64 error   code: 'EACCES',
64 error   syscall: 'rmdir',
64 error   path: '/usr/local/lib/node_modules/vue-cli' }
65 error Please try running this command again as root/Administrator.
66 verbose exit [ -13, true ]
67 verbose unbuild lib/node_modules/vue-cli
68 info preuninstall vue-cli@1.4.0
69 info uninstall vue-cli@1.4.0
70 verbose unbuild rmStuff vue-cli@1.4.0 from /usr/local/lib/node_modules
71 silly gentlyRm /usr/local/bin/vue is being gently removed
72 silly gentlyRm verifying /usr/local is an npm working directory
73 silly gentlyRm containing path /usr/local is under npm's control, in /usr/local
74 silly gentlyRm deletion target /usr/local/bin/vue is under /usr/local
75 verbose gentlyRm vacuuming from /usr/local/bin/vue up to /usr/local
76 info postuninstall vue-cli@1.4.0
77 silly gentlyRm /usr/local/lib/node_modules/vue-cli is being purged from base /usr/local
78 verbose gentlyRm don't care about contents; nuking /usr/local/lib/node_modules/vue-cli
79 silly vacuum-fs purging /usr/local/lib/node_modules/vue-cli
80 error error rolling back Error: EACCES: permission denied, rmdir '/usr/local/lib/node_modules/vue-cli'
80 error error rolling back     at Error (native)
80 error error rolling back  { [Error: EACCES: permission denied, rmdir '/usr/local/lib/node_modules/vue-cli']
80 error error rolling back   errno: -13,
80 error error rolling back   code: 'EACCES',
80 error error rolling back   syscall: 'rmdir',
80 error error rolling back   path: '/usr/local/lib/node_modules/vue-cli' }
